-------------------------------------------------------------------------------
Test set: suite.tests.MyShipTest
-------------------------------------------------------------------------------
Tests run: 9, Failures: 0, Errors: 2, Skipped: 0, Time elapsed: 0.638 sec <<< FAILURE!
testMyShipGodMode(suite.tests.MyShipTest)  Time elapsed: 0.207 sec  <<< ERROR!
org.junit.runners.model.TestTimedOutException: test timed out after 200 milliseconds
	at java.lang.Object.wait(Native Method)
	at java.awt.MediaTracker.waitForID(MediaTracker.java:677)
	at javax.swing.ImageIcon.loadImage(ImageIcon.java:314)
	at javax.swing.ImageIcon.<init>(ImageIcon.java:165)
	at javax.swing.ImageIcon.<init>(ImageIcon.java:186)
	at game_engine.SpritePattern.loadImage(SpritePattern.java:34)
	at entities.MyShip.godMode(MyShip.java:59)
	at suite.tests.MyShipTest.testMyShipGodMode(MyShipTest.java:53)
	at sun.reflect.NativeMethodAccessorImpl.invoke0(Native Method)
	at sun.reflect.NativeMethodAccessorImpl.invoke(NativeMethodAccessorImpl.java:62)
	at sun.reflect.DelegatingMethodAccessorImpl.invoke(DelegatingMethodAccessorImpl.java:43)
	at java.lang.reflect.Method.invoke(Method.java:498)
	at org.junit.runners.model.FrameworkMethod$1.runReflectiveCall(FrameworkMethod.java:50)
	at org.junit.internal.runners.model.ReflectiveCallable.run(ReflectiveCallable.java:12)
	at org.junit.runners.model.FrameworkMethod.invokeExplosively(FrameworkMethod.java:47)
	at org.junit.internal.runners.statements.InvokeMethod.evaluate(InvokeMethod.java:17)
	at org.junit.internal.runners.statements.FailOnTimeout$CallableStatement.call(FailOnTimeout.java:298)
	at org.junit.internal.runners.statements.FailOnTimeout$CallableStatement.call(FailOnTimeout.java:292)
	at java.util.concurrent.FutureTask.run(FutureTask.java:266)
	at java.lang.Thread.run(Thread.java:748)

testMyShipEscapeForbidden(suite.tests.MyShipTest)  Time elapsed: 0.212 sec  <<< ERROR!
org.junit.runners.model.TestTimedOutException: test timed out after 200 milliseconds
	at java.lang.Object.wait(Native Method)
	at java.awt.MediaTracker.waitForID(MediaTracker.java:677)
	at javax.swing.ImageIcon.loadImage(ImageIcon.java:314)
	at javax.swing.ImageIcon.<init>(ImageIcon.java:165)
	at javax.swing.ImageIcon.<init>(ImageIcon.java:186)
	at game_engine.SpritePattern.loadImage(SpritePattern.java:34)
	at entities.MyShip.escapeForbidden(MyShip.java:67)
	at suite.tests.MyShipTest.testMyShipEscapeForbidden(MyShipTest.java:48)
	at sun.reflect.NativeMethodAccessorImpl.invoke0(Native Method)
	at sun.reflect.NativeMethodAccessorImpl.invoke(NativeMethodAccessorImpl.java:62)
	at sun.reflect.DelegatingMethodAccessorImpl.invoke(DelegatingMethodAccessorImpl.java:43)
	at java.lang.reflect.Method.invoke(Method.java:498)
	at org.junit.runners.model.FrameworkMethod$1.runReflectiveCall(FrameworkMethod.java:50)
	at org.junit.internal.runners.model.ReflectiveCallable.run(ReflectiveCallable.java:12)
	at org.junit.runners.model.FrameworkMethod.invokeExplosively(FrameworkMethod.java:47)
	at org.junit.internal.runners.statements.InvokeMethod.evaluate(InvokeMethod.java:17)
	at org.junit.internal.runners.statements.FailOnTimeout$CallableStatement.call(FailOnTimeout.java:298)
	at org.junit.internal.runners.statements.FailOnTimeout$CallableStatement.call(FailOnTimeout.java:292)
	at java.util.concurrent.FutureTask.run(FutureTask.java:266)
	at java.lang.Thread.run(Thread.java:748)

