-------------------------------------------------------------------------------
Test set: suite.tests.CollisionsTest
-------------------------------------------------------------------------------
Tests run: 15, Failures: 0, Errors: 2, Skipped: 0, Time elapsed: 1.658 sec <<< FAILURE!
shipIntersectsGold(suite.tests.CollisionsTest)  Time elapsed: 0.23 sec  <<< ERROR!
org.junit.runners.model.TestTimedOutException: test timed out after 200 milliseconds
	at java.lang.Object.wait(Native Method)
	at java.awt.MediaTracker.waitForID(MediaTracker.java:677)
	at javax.swing.ImageIcon.loadImage(ImageIcon.java:314)
	at javax.swing.ImageIcon.<init>(ImageIcon.java:165)
	at javax.swing.ImageIcon.<init>(ImageIcon.java:186)
	at game_engine.SpritePattern.loadImage(SpritePattern.java:34)
	at items.Gold.initGifts(Gold.java:23)
	at items.Gold.<init>(Gold.java:18)
	at suite.tests.CollisionsTest.shipIntersectsGold(CollisionsTest.java:131)
	at sun.reflect.NativeMethodAccessorImpl.invoke0(Native Method)
	at sun.reflect.NativeMethodAccessorImpl.invoke(NativeMethodAccessorImpl.java:62)
	at sun.reflect.DelegatingMethodAccessorImpl.invoke(DelegatingMethodAccessorImpl.java:43)
	at java.lang.reflect.Method.invoke(Method.java:498)
	at org.junit.runners.model.FrameworkMethod$1.runReflectiveCall(FrameworkMethod.java:50)
	at org.junit.internal.runners.model.ReflectiveCallable.run(ReflectiveCallable.java:12)
	at org.junit.runners.model.FrameworkMethod.invokeExplosively(FrameworkMethod.java:47)
	at org.junit.internal.runners.statements.InvokeMethod.evaluate(InvokeMethod.java:17)
	at org.junit.internal.runners.statements.FailOnTimeout$CallableStatement.call(FailOnTimeout.java:298)
	at org.junit.internal.runners.statements.FailOnTimeout$CallableStatement.call(FailOnTimeout.java:292)
	at java.util.concurrent.FutureTask.run(FutureTask.java:266)
	at java.lang.Thread.run(Thread.java:748)

shipIntersectsHealth(suite.tests.CollisionsTest)  Time elapsed: 0.204 sec  <<< ERROR!
org.junit.runners.model.TestTimedOutException: test timed out after 200 milliseconds
	at java.lang.Object.wait(Native Method)
	at java.awt.MediaTracker.waitForID(MediaTracker.java:677)
	at javax.swing.ImageIcon.loadImage(ImageIcon.java:314)
	at javax.swing.ImageIcon.<init>(ImageIcon.java:165)
	at javax.swing.ImageIcon.<init>(ImageIcon.java:186)
	at game_engine.SpritePattern.loadImage(SpritePattern.java:34)
	at items.HealthPack.initHealth(HealthPack.java:22)
	at items.HealthPack.<init>(HealthPack.java:17)
	at suite.tests.CollisionsTest.shipIntersectsHealth(CollisionsTest.java:124)
	at sun.reflect.NativeMethodAccessorImpl.invoke0(Native Method)
	at sun.reflect.NativeMethodAccessorImpl.invoke(NativeMethodAccessorImpl.java:62)
	at sun.reflect.DelegatingMethodAccessorImpl.invoke(DelegatingMethodAccessorImpl.java:43)
	at java.lang.reflect.Method.invoke(Method.java:498)
	at org.junit.runners.model.FrameworkMethod$1.runReflectiveCall(FrameworkMethod.java:50)
	at org.junit.internal.runners.model.ReflectiveCallable.run(ReflectiveCallable.java:12)
	at org.junit.runners.model.FrameworkMethod.invokeExplosively(FrameworkMethod.java:47)
	at org.junit.internal.runners.statements.InvokeMethod.evaluate(InvokeMethod.java:17)
	at org.junit.internal.runners.statements.FailOnTimeout$CallableStatement.call(FailOnTimeout.java:298)
	at org.junit.internal.runners.statements.FailOnTimeout$CallableStatement.call(FailOnTimeout.java:292)
	at java.util.concurrent.FutureTask.run(FutureTask.java:266)
	at java.lang.Thread.run(Thread.java:748)

